  tutoriallogo.cpp
  tutorial.cpp
  titlelogo.cpp
  title.cpp
  text.cpp
  sound.cpp
  shadow.cpp
  score.cpp
  sceneX.cpp
  scene3D.cpp
  scene2D.cpp
  scene.cpp
  resource.cpp
  renderer.cpp
  ranking.cpp
  pressAnyBunnton.cpp
  polygon.cpp
  player.cpp
  performLight.cpp
  pause.cpp
  コードを生成中...
  コンパイル中...
  particleX.cpp
  particle3D.cpp
  particle2D.cpp
  onararemain.cpp
  obstacle.cpp
  number.cpp
  model.cpp
  meshField.cpp
  meshCylinder.cpp
  mask.cpp
  manager.cpp
  main.cpp
  logo.cpp
  light.cpp
  input.cpp
  health.cpp
  goal.cpp
  gameover.cpp
  gameclear.cpp
  game.cpp
  コードを生成中...
  コンパイル中...
  fullMeguro.cpp
  field.cpp
  fade.cpp
  debugProc.cpp
  coin.cpp
  camera.cpp
  billboard.cpp
  Banimation.cpp
  コードを生成中...
  豊平上空物語.vcxproj -> c:\users\game126\documents\visual studio 2015\Projects\豊平上空物語\豊平上空物語.exe
  豊平上空物語.vcxproj -> c:\users\game126\documents\visual studio 2015\Projects\豊平上空物語\豊平上空物語.pdb (Full PDB)
